d:\software and tools\c++\t4x\vs_win_devel\x64\debug\vc143.pdb
d:\software and tools\c++\t4x\vs_win_devel\x64\debug\vc143.idb
d:\software and tools\c++\t4x\vs_win_devel\x64\debug\camera.nativecodeanalysis.sarif
d:\software and tools\c++\t4x\vs_win_devel\x64\debug\camera.nativecodeanalysis.xml
d:\software and tools\c++\t4x\vs_win_devel\x64\debug\menus.nativecodeanalysis.sarif
d:\software and tools\c++\t4x\vs_win_devel\x64\debug\menus.nativecodeanalysis.xml
d:\software and tools\c++\t4x\vs_win_devel\x64\debug\imgui.nativecodeanalysis.sarif
d:\software and tools\c++\t4x\vs_win_devel\x64\debug\imgui.nativecodeanalysis.xml
d:\software and tools\c++\t4x\vs_win_devel\x64\debug\imgui_demo.nativecodeanalysis.sarif
d:\software and tools\c++\t4x\vs_win_devel\x64\debug\imgui_demo.nativecodeanalysis.xml
d:\software and tools\c++\t4x\vs_win_devel\x64\debug\imgui_draw.nativecodeanalysis.sarif
d:\software and tools\c++\t4x\vs_win_devel\x64\debug\imgui_draw.nativecodeanalysis.xml
d:\software and tools\c++\t4x\vs_win_devel\x64\debug\imgui_tables.nativecodeanalysis.sarif
d:\software and tools\c++\t4x\vs_win_devel\x64\debug\imgui_tables.nativecodeanalysis.xml
d:\software and tools\c++\t4x\vs_win_devel\x64\debug\imgui_widgets.nativecodeanalysis.sarif
d:\software and tools\c++\t4x\vs_win_devel\x64\debug\imgui_widgets.nativecodeanalysis.xml
d:\software and tools\c++\t4x\vs_win_devel\x64\debug\imgui_impl_opengl3.nativecodeanalysis.sarif
d:\software and tools\c++\t4x\vs_win_devel\x64\debug\imgui_impl_opengl3.nativecodeanalysis.xml
d:\software and tools\c++\t4x\vs_win_devel\x64\debug\imgui_impl_sdl2.nativecodeanalysis.sarif
d:\software and tools\c++\t4x\vs_win_devel\x64\debug\imgui_impl_sdl2.nativecodeanalysis.xml
d:\software and tools\c++\t4x\vs_win_devel\x64\debug\mainwindow.nativecodeanalysis.sarif
d:\software and tools\c++\t4x\vs_win_devel\x64\debug\mainwindow.nativecodeanalysis.xml
d:\software and tools\c++\t4x\vs_win_devel\x64\debug\shadermanager.nativecodeanalysis.sarif
d:\software and tools\c++\t4x\vs_win_devel\x64\debug\shadermanager.nativecodeanalysis.xml
d:\software and tools\c++\t4x\vs_win_devel\x64\debug\t4x.nativecodeanalysis.sarif
d:\software and tools\c++\t4x\vs_win_devel\x64\debug\t4x.nativecodeanalysis.xml
d:\software and tools\c++\t4x\vs_win_devel\x64\debug\vbowrapper.nativecodeanalysis.sarif
d:\software and tools\c++\t4x\vs_win_devel\x64\debug\vbowrapper.nativecodeanalysis.xml
d:\software and tools\c++\t4x\vs_win_devel\x64\debug\t4x.obj
d:\software and tools\c++\t4x\vs_win_devel\x64\debug\shadermanager.obj
d:\software and tools\c++\t4x\vs_win_devel\x64\debug\imgui_impl_sdl2.obj
d:\software and tools\c++\t4x\vs_win_devel\x64\debug\imgui_impl_opengl3.obj
d:\software and tools\c++\t4x\vs_win_devel\x64\debug\imgui_widgets.obj
d:\software and tools\c++\t4x\vs_win_devel\x64\debug\imgui_tables.obj
d:\software and tools\c++\t4x\vs_win_devel\x64\debug\imgui_draw.obj
d:\software and tools\c++\t4x\vs_win_devel\x64\debug\imgui_demo.obj
d:\software and tools\c++\t4x\vs_win_devel\x64\debug\imgui.obj
d:\software and tools\c++\t4x\vs_win_devel\x64\debug\camera.obj
d:\software and tools\c++\t4x\vs_win_devel\x64\debug\maincontroller.obj
d:\software and tools\c++\t4x\vs_win_devel\x64\debug\mapshader.obj
d:\software and tools\c++\t4x\vs_win_devel\x64\debug\gamecontrol.obj
d:\software and tools\c++\t4x\vs_win_devel\x64\debug\map.obj
d:\software and tools\c++\t4x\vs_win_devel\x64\debug\t4x.exe
d:\software and tools\c++\t4x\vs_win_devel\x64\debug\t4x.ilk
d:\software and tools\c++\t4x\vs_win_devel\x64\debug\t4x.pdb
d:\software and tools\c++\t4x\vs_win_devel\x64\debug\mainwindow.obj
d:\software and tools\c++\t4x\vs_win_devel\x64\debug\menus.obj
d:\software and tools\c++\t4x\vs_win_devel\x64\debug\vbowrapper.obj
d:\software and tools\c++\t4x\vs_win_devel\x64\debug\map.obj.enc
d:\software and tools\c++\t4x\vs_win_devel\x64\debug\shadermanager.obj.enc
d:\software and tools\c++\t4x\vs_win_devel\x64\debug\vc.nativecodeanalysis.all.xml
d:\software and tools\c++\t4x\vs_win_devel\x64\debug\t4x.tlog\cl.command.1.tlog
d:\software and tools\c++\t4x\vs_win_devel\x64\debug\t4x.tlog\cl.items.tlog
d:\software and tools\c++\t4x\vs_win_devel\x64\debug\t4x.tlog\cl.read.1.tlog
d:\software and tools\c++\t4x\vs_win_devel\x64\debug\t4x.tlog\cl.write.1.tlog
d:\software and tools\c++\t4x\vs_win_devel\x64\debug\t4x.tlog\fxc.command.1.tlog
d:\software and tools\c++\t4x\vs_win_devel\x64\debug\t4x.tlog\fxc.read.1.tlog
d:\software and tools\c++\t4x\vs_win_devel\x64\debug\t4x.tlog\link.command.1.tlog
d:\software and tools\c++\t4x\vs_win_devel\x64\debug\t4x.tlog\link.read.1.tlog
d:\software and tools\c++\t4x\vs_win_devel\x64\debug\t4x.tlog\link.write.1.tlog
