  GameControl.cpp
D:\Software and Tools\C++\T4x\VS_WIN_devel\HeightMap.h(131,98): warning C4244: '+=': conversion from 'double' to '_Ty', possible loss of data
          with
          [
              _Ty=float
          ]
D:\Software and Tools\C++\T4x\VS_WIN_devel\HeightMap.h(151,98): warning C4244: '-=': conversion from 'double' to '_Ty', possible loss of data
          with
          [
              _Ty=float
          ]
D:\Software and Tools\C++\T4x\VS_WIN_devel\HeightMap.h(180,17): warning C4244: 'initializing': conversion from 'double' to 'float', possible loss of data
D:\Software and Tools\C++\T4x\VS_WIN_devel\HeightMap.h(181,17): warning C4244: 'initializing': conversion from 'double' to 'float', possible loss of data
D:\Software and Tools\C++\T4x\VS_WIN_devel\HeightMap.h(210,63): warning C4244: 'argument': conversion from 'float' to 'int', possible loss of data
D:\Software and Tools\C++\T4x\VS_WIN_devel\HeightMap.h(210,55): warning C4244: 'argument': conversion from 'float' to 'int', possible loss of data
D:\Software and Tools\C++\T4x\VS_WIN_devel\HeightMap.h(274,18): warning C4244: 'initializing': conversion from 'double' to 'float', possible loss of data
D:\Software and Tools\C++\T4x\VS_WIN_devel\HeightMap.h(275,18): warning C4244: 'initializing': conversion from 'double' to 'float', possible loss of data
D:\Software and Tools\C++\T4x\VS_WIN_devel\HeightMap.h(276,18): warning C4244: 'initializing': conversion from 'double' to 'float', possible loss of data
D:\Software and Tools\C++\T4x\VS_WIN_devel\HeightMap.h(277,18): warning C4244: 'initializing': conversion from 'double' to 'float', possible loss of data
D:\Software and Tools\C++\T4x\VS_WIN_devel\HeightMap.h(308,20): warning C4244: 'initializing': conversion from 'int' to 'float', possible loss of data
D:\Software and Tools\C++\T4x\VS_WIN_devel\HeightMap.h(316,29): warning C4244: '=': conversion from 'float' to '_Ty', possible loss of data
          with
          [
              _Ty=GLint
          ]
D:\Software and Tools\C++\T4x\VS_WIN_devel\TempMap.h(214,14): warning C4267: 'initializing': conversion from 'size_t' to 'int', possible loss of data
D:\Software and Tools\C++\T4x\VS_WIN_devel\TempMap.h(218,28): warning C4244: 'initializing': conversion from 'double' to 'float', possible loss of data
D:\Software and Tools\C++\T4x\VS_WIN_devel\TempMap.h(262,14): warning C4305: 'initializing': truncation from 'double' to 'float'
D:\Software and Tools\C++\T4x\VS_WIN_devel\TempMap.h(267,11): warning C4267: 'initializing': conversion from 'size_t' to 'int', possible loss of data
D:\Software and Tools\C++\T4x\VS_WIN_devel\TempMap.h(331,86): warning C4244: '=': conversion from '_Rep' to 'float', possible loss of data
          with
          [
              _Rep=__int64
          ]
D:\Software and Tools\C++\T4x\VS_WIN_devel\TempMap.h(337,86): warning C4244: '=': conversion from '_Rep' to 'float', possible loss of data
          with
          [
              _Rep=__int64
          ]
D:\Software and Tools\C++\T4x\VS_WIN_devel\TempMap.h(343,86): warning C4244: '=': conversion from '_Rep' to 'float', possible loss of data
          with
          [
              _Rep=__int64
          ]
D:\Software and Tools\C++\T4x\VS_WIN_devel\TempMap.h(349,86): warning C4244: '=': conversion from '_Rep' to 'float', possible loss of data
          with
          [
              _Rep=__int64
          ]
D:\Software and Tools\C++\T4x\VS_WIN_devel\TempMap.h(355,86): warning C4244: '=': conversion from '_Rep' to 'float', possible loss of data
          with
          [
              _Rep=__int64
          ]
D:\Software and Tools\C++\T4x\VS_WIN_devel\Map.h(74,22): warning C4305: 'initializing': truncation from 'double' to 'float'
D:\Software and Tools\C++\T4x\VS_WIN_devel\Map.h(76,23): warning C4305: 'initializing': truncation from 'double' to 'float'
D:\Software and Tools\C++\T4x\VS_WIN_devel\Map.h(84,27): warning C4305: 'initializing': truncation from 'double' to 'float'
  MainController.cpp
D:\Software and Tools\C++\T4x\VS_WIN_devel\Camera.h(51,15): warning C4244: 'return': conversion from 'double' to 'int', possible loss of data
D:\Software and Tools\C++\T4x\VS_WIN_devel\Camera.h(56,15): warning C4244: 'return': conversion from 'double' to 'int', possible loss of data
D:\Software and Tools\C++\T4x\VS_WIN_devel\HeightMap.h(131,98): warning C4244: '+=': conversion from 'double' to '_Ty', possible loss of data
          with
          [
              _Ty=float
          ]
D:\Software and Tools\C++\T4x\VS_WIN_devel\HeightMap.h(151,98): warning C4244: '-=': conversion from 'double' to '_Ty', possible loss of data
          with
          [
              _Ty=float
          ]
D:\Software and Tools\C++\T4x\VS_WIN_devel\HeightMap.h(180,17): warning C4244: 'initializing': conversion from 'double' to 'float', possible loss of data
D:\Software and Tools\C++\T4x\VS_WIN_devel\HeightMap.h(181,17): warning C4244: 'initializing': conversion from 'double' to 'float', possible loss of data
D:\Software and Tools\C++\T4x\VS_WIN_devel\HeightMap.h(210,63): warning C4244: 'argument': conversion from 'float' to 'int', possible loss of data
D:\Software and Tools\C++\T4x\VS_WIN_devel\HeightMap.h(210,55): warning C4244: 'argument': conversion from 'float' to 'int', possible loss of data
D:\Software and Tools\C++\T4x\VS_WIN_devel\HeightMap.h(274,18): warning C4244: 'initializing': conversion from 'double' to 'float', possible loss of data
D:\Software and Tools\C++\T4x\VS_WIN_devel\HeightMap.h(275,18): warning C4244: 'initializing': conversion from 'double' to 'float', possible loss of data
D:\Software and Tools\C++\T4x\VS_WIN_devel\HeightMap.h(276,18): warning C4244: 'initializing': conversion from 'double' to 'float', possible loss of data
D:\Software and Tools\C++\T4x\VS_WIN_devel\HeightMap.h(277,18): warning C4244: 'initializing': conversion from 'double' to 'float', possible loss of data
D:\Software and Tools\C++\T4x\VS_WIN_devel\HeightMap.h(308,20): warning C4244: 'initializing': conversion from 'int' to 'float', possible loss of data
D:\Software and Tools\C++\T4x\VS_WIN_devel\HeightMap.h(316,29): warning C4244: '=': conversion from 'float' to '_Ty', possible loss of data
          with
          [
              _Ty=GLint
          ]
D:\Software and Tools\C++\T4x\VS_WIN_devel\TempMap.h(214,14): warning C4267: 'initializing': conversion from 'size_t' to 'int', possible loss of data
D:\Software and Tools\C++\T4x\VS_WIN_devel\TempMap.h(218,28): warning C4244: 'initializing': conversion from 'double' to 'float', possible loss of data
D:\Software and Tools\C++\T4x\VS_WIN_devel\TempMap.h(262,14): warning C4305: 'initializing': truncation from 'double' to 'float'
D:\Software and Tools\C++\T4x\VS_WIN_devel\TempMap.h(267,11): warning C4267: 'initializing': conversion from 'size_t' to 'int', possible loss of data
D:\Software and Tools\C++\T4x\VS_WIN_devel\TempMap.h(331,86): warning C4244: '=': conversion from '_Rep' to 'float', possible loss of data
          with
          [
              _Rep=__int64
          ]
D:\Software and Tools\C++\T4x\VS_WIN_devel\TempMap.h(337,86): warning C4244: '=': conversion from '_Rep' to 'float', possible loss of data
          with
          [
              _Rep=__int64
          ]
D:\Software and Tools\C++\T4x\VS_WIN_devel\TempMap.h(343,86): warning C4244: '=': conversion from '_Rep' to 'float', possible loss of data
          with
          [
              _Rep=__int64
          ]
D:\Software and Tools\C++\T4x\VS_WIN_devel\TempMap.h(349,86): warning C4244: '=': conversion from '_Rep' to 'float', possible loss of data
          with
          [
              _Rep=__int64
          ]
D:\Software and Tools\C++\T4x\VS_WIN_devel\TempMap.h(355,86): warning C4244: '=': conversion from '_Rep' to 'float', possible loss of data
          with
          [
              _Rep=__int64
          ]
D:\Software and Tools\C++\T4x\VS_WIN_devel\Map.h(74,22): warning C4305: 'initializing': truncation from 'double' to 'float'
D:\Software and Tools\C++\T4x\VS_WIN_devel\Map.h(76,23): warning C4305: 'initializing': truncation from 'double' to 'float'
D:\Software and Tools\C++\T4x\VS_WIN_devel\Map.h(84,27): warning C4305: 'initializing': truncation from 'double' to 'float'
  Map.cpp
D:\Software and Tools\C++\T4x\VS_WIN_devel\HeightMap.h(131,98): warning C4244: '+=': conversion from 'double' to '_Ty', possible loss of data
          with
          [
              _Ty=float
          ]
D:\Software and Tools\C++\T4x\VS_WIN_devel\HeightMap.h(151,98): warning C4244: '-=': conversion from 'double' to '_Ty', possible loss of data
          with
          [
              _Ty=float
          ]
D:\Software and Tools\C++\T4x\VS_WIN_devel\HeightMap.h(180,17): warning C4244: 'initializing': conversion from 'double' to 'float', possible loss of data
D:\Software and Tools\C++\T4x\VS_WIN_devel\HeightMap.h(181,17): warning C4244: 'initializing': conversion from 'double' to 'float', possible loss of data
D:\Software and Tools\C++\T4x\VS_WIN_devel\HeightMap.h(210,63): warning C4244: 'argument': conversion from 'float' to 'int', possible loss of data
D:\Software and Tools\C++\T4x\VS_WIN_devel\HeightMap.h(210,55): warning C4244: 'argument': conversion from 'float' to 'int', possible loss of data
D:\Software and Tools\C++\T4x\VS_WIN_devel\HeightMap.h(274,18): warning C4244: 'initializing': conversion from 'double' to 'float', possible loss of data
D:\Software and Tools\C++\T4x\VS_WIN_devel\HeightMap.h(275,18): warning C4244: 'initializing': conversion from 'double' to 'float', possible loss of data
D:\Software and Tools\C++\T4x\VS_WIN_devel\HeightMap.h(276,18): warning C4244: 'initializing': conversion from 'double' to 'float', possible loss of data
D:\Software and Tools\C++\T4x\VS_WIN_devel\HeightMap.h(277,18): warning C4244: 'initializing': conversion from 'double' to 'float', possible loss of data
D:\Software and Tools\C++\T4x\VS_WIN_devel\HeightMap.h(308,20): warning C4244: 'initializing': conversion from 'int' to 'float', possible loss of data
D:\Software and Tools\C++\T4x\VS_WIN_devel\HeightMap.h(316,29): warning C4244: '=': conversion from 'float' to '_Ty', possible loss of data
          with
          [
              _Ty=GLint
          ]
D:\Software and Tools\C++\T4x\VS_WIN_devel\TempMap.h(214,14): warning C4267: 'initializing': conversion from 'size_t' to 'int', possible loss of data
D:\Software and Tools\C++\T4x\VS_WIN_devel\TempMap.h(218,28): warning C4244: 'initializing': conversion from 'double' to 'float', possible loss of data
D:\Software and Tools\C++\T4x\VS_WIN_devel\TempMap.h(262,14): warning C4305: 'initializing': truncation from 'double' to 'float'
D:\Software and Tools\C++\T4x\VS_WIN_devel\TempMap.h(267,11): warning C4267: 'initializing': conversion from 'size_t' to 'int', possible loss of data
D:\Software and Tools\C++\T4x\VS_WIN_devel\TempMap.h(331,86): warning C4244: '=': conversion from '_Rep' to 'float', possible loss of data
          with
          [
              _Rep=__int64
          ]
D:\Software and Tools\C++\T4x\VS_WIN_devel\TempMap.h(337,86): warning C4244: '=': conversion from '_Rep' to 'float', possible loss of data
          with
          [
              _Rep=__int64
          ]
D:\Software and Tools\C++\T4x\VS_WIN_devel\TempMap.h(343,86): warning C4244: '=': conversion from '_Rep' to 'float', possible loss of data
          with
          [
              _Rep=__int64
          ]
D:\Software and Tools\C++\T4x\VS_WIN_devel\TempMap.h(349,86): warning C4244: '=': conversion from '_Rep' to 'float', possible loss of data
          with
          [
              _Rep=__int64
          ]
D:\Software and Tools\C++\T4x\VS_WIN_devel\TempMap.h(355,86): warning C4244: '=': conversion from '_Rep' to 'float', possible loss of data
          with
          [
              _Rep=__int64
          ]
D:\Software and Tools\C++\T4x\VS_WIN_devel\Map.h(74,22): warning C4305: 'initializing': truncation from 'double' to 'float'
D:\Software and Tools\C++\T4x\VS_WIN_devel\Map.h(76,23): warning C4305: 'initializing': truncation from 'double' to 'float'
D:\Software and Tools\C++\T4x\VS_WIN_devel\Map.h(84,27): warning C4305: 'initializing': truncation from 'double' to 'float'
D:\Software and Tools\C++\T4x\VS_WIN_devel\Map.cpp(49,88): warning C4244: '=': conversion from '_Rep' to 'float', possible loss of data
          with
          [
              _Rep=__int64
          ]
D:\Software and Tools\C++\T4x\VS_WIN_devel\Map.cpp(69,97): warning C4244: '=': conversion from '_Rep' to 'float', possible loss of data
          with
          [
              _Rep=__int64
          ]
D:\Software and Tools\C++\T4x\VS_WIN_devel\Map.cpp(104,16): warning C4305: '=': truncation from 'double' to 'float'
D:\Software and Tools\C++\T4x\VS_WIN_devel\Map.cpp(228,39): warning C4267: 'argument': conversion from 'size_t' to 'int', possible loss of data
D:\Software and Tools\C++\T4x\VS_WIN_devel\Map.cpp(243,42): warning C4267: 'argument': conversion from 'size_t' to 'int', possible loss of data
  T4X.cpp
D:\Software and Tools\C++\T4x\VS_WIN_devel\Camera.h(51,15): warning C4244: 'return': conversion from 'double' to 'int', possible loss of data
D:\Software and Tools\C++\T4x\VS_WIN_devel\Camera.h(56,15): warning C4244: 'return': conversion from 'double' to 'int', possible loss of data
D:\Software and Tools\C++\T4x\VS_WIN_devel\HeightMap.h(131,98): warning C4244: '+=': conversion from 'double' to '_Ty', possible loss of data
          with
          [
              _Ty=float
          ]
D:\Software and Tools\C++\T4x\VS_WIN_devel\HeightMap.h(151,98): warning C4244: '-=': conversion from 'double' to '_Ty', possible loss of data
          with
          [
              _Ty=float
          ]
D:\Software and Tools\C++\T4x\VS_WIN_devel\HeightMap.h(180,17): warning C4244: 'initializing': conversion from 'double' to 'float', possible loss of data
D:\Software and Tools\C++\T4x\VS_WIN_devel\HeightMap.h(181,17): warning C4244: 'initializing': conversion from 'double' to 'float', possible loss of data
D:\Software and Tools\C++\T4x\VS_WIN_devel\HeightMap.h(210,63): warning C4244: 'argument': conversion from 'float' to 'int', possible loss of data
D:\Software and Tools\C++\T4x\VS_WIN_devel\HeightMap.h(210,55): warning C4244: 'argument': conversion from 'float' to 'int', possible loss of data
D:\Software and Tools\C++\T4x\VS_WIN_devel\HeightMap.h(274,18): warning C4244: 'initializing': conversion from 'double' to 'float', possible loss of data
D:\Software and Tools\C++\T4x\VS_WIN_devel\HeightMap.h(275,18): warning C4244: 'initializing': conversion from 'double' to 'float', possible loss of data
D:\Software and Tools\C++\T4x\VS_WIN_devel\HeightMap.h(276,18): warning C4244: 'initializing': conversion from 'double' to 'float', possible loss of data
D:\Software and Tools\C++\T4x\VS_WIN_devel\HeightMap.h(277,18): warning C4244: 'initializing': conversion from 'double' to 'float', possible loss of data
D:\Software and Tools\C++\T4x\VS_WIN_devel\HeightMap.h(308,20): warning C4244: 'initializing': conversion from 'int' to 'float', possible loss of data
D:\Software and Tools\C++\T4x\VS_WIN_devel\HeightMap.h(316,29): warning C4244: '=': conversion from 'float' to '_Ty', possible loss of data
          with
          [
              _Ty=GLint
          ]
D:\Software and Tools\C++\T4x\VS_WIN_devel\TempMap.h(214,14): warning C4267: 'initializing': conversion from 'size_t' to 'int', possible loss of data
D:\Software and Tools\C++\T4x\VS_WIN_devel\TempMap.h(218,28): warning C4244: 'initializing': conversion from 'double' to 'float', possible loss of data
D:\Software and Tools\C++\T4x\VS_WIN_devel\TempMap.h(262,14): warning C4305: 'initializing': truncation from 'double' to 'float'
D:\Software and Tools\C++\T4x\VS_WIN_devel\TempMap.h(267,11): warning C4267: 'initializing': conversion from 'size_t' to 'int', possible loss of data
D:\Software and Tools\C++\T4x\VS_WIN_devel\TempMap.h(331,86): warning C4244: '=': conversion from '_Rep' to 'float', possible loss of data
          with
          [
              _Rep=__int64
          ]
D:\Software and Tools\C++\T4x\VS_WIN_devel\TempMap.h(337,86): warning C4244: '=': conversion from '_Rep' to 'float', possible loss of data
          with
          [
              _Rep=__int64
          ]
D:\Software and Tools\C++\T4x\VS_WIN_devel\TempMap.h(343,86): warning C4244: '=': conversion from '_Rep' to 'float', possible loss of data
          with
          [
              _Rep=__int64
          ]
D:\Software and Tools\C++\T4x\VS_WIN_devel\TempMap.h(349,86): warning C4244: '=': conversion from '_Rep' to 'float', possible loss of data
          with
          [
              _Rep=__int64
          ]
D:\Software and Tools\C++\T4x\VS_WIN_devel\TempMap.h(355,86): warning C4244: '=': conversion from '_Rep' to 'float', possible loss of data
          with
          [
              _Rep=__int64
          ]
D:\Software and Tools\C++\T4x\VS_WIN_devel\Map.h(74,22): warning C4305: 'initializing': truncation from 'double' to 'float'
D:\Software and Tools\C++\T4x\VS_WIN_devel\Map.h(76,23): warning C4305: 'initializing': truncation from 'double' to 'float'
D:\Software and Tools\C++\T4x\VS_WIN_devel\Map.h(84,27): warning C4305: 'initializing': truncation from 'double' to 'float'
  Generating Code...
  T4X.vcxproj -> D:\Software and Tools\C++\T4x\VS_WIN_devel\x64\Debug\T4X.exe
